<?xml version="1.0" encoding="UTF-8"?>
<testng-results ignored="0" total="1" passed="1" failed="0" skipped="0">
  <reporter-output>
  </reporter-output>
  <suite started-at="2025-09-24T19:43:50 IST" name="Default suite" finished-at="2025-09-24T19:46:14 IST" duration-ms="144508">
    <groups>
    </groups>
    <test started-at="2025-09-24T19:43:50 IST" name="Default test" finished-at="2025-09-24T19:46:14 IST" duration-ms="144508">
      <class name="Tests.LoginTest">
        <test-method is-config="true" signature="setup()[pri:0, instance:Tests.LoginTest@3b69e7d1]" started-at="2025-09-24T19:43:50 IST" name="setup" finished-at="2025-09-24T19:46:01 IST" duration-ms="130578" status="PASS">
          <reporter-output>
          </reporter-output>
        </test-method> <!-- setup -->
        <test-method signature="testLogin()[pri:0, instance:Tests.LoginTest@3b69e7d1]" started-at="2025-09-24T19:46:01 IST" name="testLogin" finished-at="2025-09-24T19:46:14 IST" duration-ms="13378" status="PASS">
          <reporter-output>
          </reporter-output>
        </test-method> <!-- testLogin -->
        <test-method is-config="true" signature="teardown()[pri:0, instance:Tests.LoginTest@3b69e7d1]" started-at="2025-09-24T19:46:14 IST" name="teardown" finished-at="2025-09-24T19:46:14 IST" duration-ms="413" status="PASS">
          <reporter-output>
          </reporter-output>
        </test-method> <!-- teardown -->
      </class> <!-- Tests.LoginTest -->
    </test> <!-- Default test -->
  </suite> <!-- Default suite -->
</testng-results>
